<?xml version="1.0" encoding="UTF-8"?>
<!-- Generated by org.testng.reporters.JUnitXMLReporter -->
<testsuite hostname="Priyanka" name="WalmartEndToEndTranscationFlow2" tests="8" failures="0" timestamp="12 Jan 2016 07:15:25 GMT" time="125.421" errors="0">
  <testcase name="WalmartUserLogin" time="13.057" classname="test.WalmartEndToEndTranscationFlow"/>
  <testcase name="EmptyCartIfNotEmpty" time="0.032" classname="test.WalmartEndToEndTranscationFlow"/>
  <testcase name="SearchForItem" time="18.045" classname="test.WalmartEndToEndTranscationFlow"/>
  <testcase name="SelectItemViewProductDetails" time="52.436" classname="test.WalmartEndToEndTranscationFlow"/>
  <testcase name="AddItemToCart" time="0.575" classname="test.WalmartEndToEndTranscationFlow"/>
  <testcase name="ValidateItemAddedToCart" time="7.687" classname="test.WalmartEndToEndTranscationFlow"/>
  <testcase name="EmptyCart" time="16.952" classname="test.WalmartEndToEndTranscationFlow"/>
  <testcase name="WalmartUserLogout" time="3.072" classname="test.WalmartEndToEndTranscationFlow"/>
</testsuite> <!-- WalmartEndToEndTranscationFlow2 -->
