<?xml version="1.0" encoding="UTF-8"?>
<!-- Generated by org.testng.reporters.JUnitXMLReporter -->
<testsuite hostname="Priyanka" name="WalmartEndToEndTranscationFlow" tests="5" failures="0" timestamp="12 Jan 2016 07:07:53 GMT" time="0.065" errors="0">
  <testcase name="@BeforeMethod WalmartUserLogin" time="0.0" classname="test.WalmartEndToEndTranscationFlow">
    <failure type="org.testng.TestNGException" message="
Parameter &amp;apos;email&amp;apos; is required by @Configuration on method WalmartUserLogin but has not been marked @Optional or defined
in C:\Users\priyanka\walmart-e-commerce-transaction-flow\WalmartEndToEndTranscationFlow.xml">
      <![CDATA[org.testng.TestNGException: 
Parameter 'email' is required by @Configuration on method WalmartUserLogin but has not been marked @Optional or defined
in C:\Users\priyanka\walmart-e-commerce-transaction-flow\WalmartEndToEndTranscationFlow.xml
... Removed 23 stack frames]]>
    </failure>
  </testcase> <!-- @BeforeMethod WalmartUserLogin -->
  <testcase name="@BeforeMethod EmptyCartIfNotEmpty" time="0.0" classname="test.WalmartEndToEndTranscationFlow">
    <skipped/>
  </testcase> <!-- @BeforeMethod EmptyCartIfNotEmpty -->
  <testcase name="@AfterTest afterTest" time="0.004" classname="test.WalmartEndToEndTranscationFlow">
    <skipped/>
  </testcase> <!-- @AfterTest afterTest -->
  <testcase name="SearchForItem" time="0.001" classname="test.WalmartEndToEndTranscationFlow">
    <skipped/>
  </testcase> <!-- SearchForItem -->
  <testcase name="SelectItemViewProductDetails" time="0.0" classname="test.WalmartEndToEndTranscationFlow">
    <skipped/>
  </testcase> <!-- SelectItemViewProductDetails -->
  <testcase name="AddItemToCart" time="0.0" classname="test.WalmartEndToEndTranscationFlow">
    <skipped/>
  </testcase> <!-- AddItemToCart -->
  <testcase name="ValidateItemAddedToCart" time="0.0" classname="test.WalmartEndToEndTranscationFlow">
    <skipped/>
  </testcase> <!-- ValidateItemAddedToCart -->
  <testcase name="EmptyCart" time="0.0" classname="test.WalmartEndToEndTranscationFlow">
    <skipped/>
  </testcase> <!-- EmptyCart -->
</testsuite> <!-- WalmartEndToEndTranscationFlow -->
