<?xml version="1.0" encoding="UTF-8"?>
<!-- Generated by org.testng.reporters.JUnitXMLReporter -->
<testsuite hostname="Priyanka" name="WalmartEndToEndTranscationFlow1" tests="8" failures="0" timestamp="12 Jan 2016 07:13:20 GMT" time="149.029" errors="0">
  <testcase name="WalmartUserLogin" time="36.994" classname="test.WalmartEndToEndTranscationFlow"/>
  <testcase name="EmptyCartIfNotEmpty" time="0.07" classname="test.WalmartEndToEndTranscationFlow"/>
  <testcase name="SearchForItem" time="15.39" classname="test.WalmartEndToEndTranscationFlow"/>
  <testcase name="SelectItemViewProductDetails" time="55.898" classname="test.WalmartEndToEndTranscationFlow"/>
  <testcase name="AddItemToCart" time="0.648" classname="test.WalmartEndToEndTranscationFlow"/>
  <testcase name="ValidateItemAddedToCart" time="15.832" classname="test.WalmartEndToEndTranscationFlow"/>
  <testcase name="EmptyCart" time="15.776" classname="test.WalmartEndToEndTranscationFlow"/>
  <testcase name="WalmartUserLogout" time="2.719" classname="test.WalmartEndToEndTranscationFlow"/>
</testsuite> <!-- WalmartEndToEndTranscationFlow1 -->
