<?xml version="1.0" encoding="UTF-8"?>
<!-- Generated by org.testng.reporters.JUnitXMLReporter -->
<testsuite hostname="Priyanka" name="WalmartEndToEndTranscationFlow4" tests="5" failures="0" timestamp="12 Jan 2016 07:05:22 GMT" time="0.032" errors="0">
  <testcase name="@BeforeMethod WalmartUserLogin" time="0.0" classname="test.WalmartEndToEndTranscationFlow">
    <failure type="java.lang.NullPointerException">
      <![CDATA[java.lang.NullPointerException
	at test.WalmartEndToEndTranscationFlow.WalmartUserLogin(WalmartEndToEndTranscationFlow.java:45)
... Removed 26 stack frames]]>
    </failure>
  </testcase> <!-- @BeforeMethod WalmartUserLogin -->
  <testcase name="@BeforeMethod EmptyCartIfNotEmpty" time="0.0" classname="test.WalmartEndToEndTranscationFlow">
    <skipped/>
  </testcase> <!-- @BeforeMethod EmptyCartIfNotEmpty -->
  <testcase name="@AfterTest afterTest" time="0.0" classname="test.WalmartEndToEndTranscationFlow">
    <skipped/>
  </testcase> <!-- @AfterTest afterTest -->
  <testcase name="SearchForItem" time="0.002" classname="test.WalmartEndToEndTranscationFlow">
    <skipped/>
  </testcase> <!-- SearchForItem -->
  <testcase name="SelectItemViewProductDetails" time="0.0" classname="test.WalmartEndToEndTranscationFlow">
    <skipped/>
  </testcase> <!-- SelectItemViewProductDetails -->
  <testcase name="AddItemToCart" time="0.001" classname="test.WalmartEndToEndTranscationFlow">
    <skipped/>
  </testcase> <!-- AddItemToCart -->
  <testcase name="ValidateItemAddedToCart" time="0.0" classname="test.WalmartEndToEndTranscationFlow">
    <skipped/>
  </testcase> <!-- ValidateItemAddedToCart -->
  <testcase name="EmptyCart" time="0.0" classname="test.WalmartEndToEndTranscationFlow">
    <skipped/>
  </testcase> <!-- EmptyCart -->
</testsuite> <!-- WalmartEndToEndTranscationFlow4 -->
