<?xml version="1.0" encoding="UTF-8"?>
<testng-results skipped="0" failed="0" total="40" passed="40">
  <reporter-output>
  </reporter-output>
  <suite name="Suite" duration-ms="647994" started-at="2016-01-13T03:39:29Z" finished-at="2016-01-13T03:50:17Z">
    <groups>
    </groups>
    <test name="TranscationFlowTest_1" duration-ms="112008" started-at="2016-01-13T03:39:29Z" finished-at="2016-01-13T03:41:21Z">
      <class name="test.TranscationFlowTest">
        <test-method status="PASS" signature="beforeTest()[pri:0, instance:test.TranscationFlowTest@75bd9247]" name="beforeTest" is-config="true" duration-ms="4703" started-at="2016-01-12T19:39:29Z" finished-at="2016-01-12T19:39:33Z">
          <reporter-output>
          </reporter-output>
        </test-method> <!-- beforeTest -->
        <test-method status="PASS" signature="WalmartUserLogin(java.lang.String, java.lang.String)[pri:0, instance:test.TranscationFlowTest@75bd9247]" name="WalmartUserLogin" duration-ms="14017" started-at="2016-01-12T19:39:33Z" data-provider="login" finished-at="2016-01-12T19:39:47Z">
          <params>
            <param index="0">
              <value>
                <![CDATA[priyanka.tayadeb@gmail.com]]>
              </value>
            </param>
            <param index="1">
              <value>
                <![CDATA[abcd123]]>
              </value>
            </param>
          </params>
          <reporter-output>
          </reporter-output>
        </test-method> <!-- WalmartUserLogin -->
        <test-method status="PASS" signature="EmptyCartIfNotEmpty()[pri:0, instance:test.TranscationFlowTest@75bd9247]" name="EmptyCartIfNotEmpty" duration-ms="49" started-at="2016-01-12T19:39:47Z" depends-on-methods="test.TranscationFlowTest.WalmartUserLogin" finished-at="2016-01-12T19:39:47Z">
          <reporter-output>
          </reporter-output>
        </test-method> <!-- EmptyCartIfNotEmpty -->
        <test-method status="PASS" signature="SearchForItem(java.lang.String)[pri:0, instance:test.TranscationFlowTest@75bd9247]" name="SearchForItem" duration-ms="11801" started-at="2016-01-12T19:39:47Z" depends-on-methods="test.TranscationFlowTest.EmptyCartIfNotEmpty" finished-at="2016-01-12T19:39:59Z">
          <params>
            <param index="0">
              <value>
                <![CDATA[tv]]>
              </value>
            </param>
          </params>
          <reporter-output>
          </reporter-output>
        </test-method> <!-- SearchForItem -->
        <test-method status="PASS" signature="SelectItemViewProductDetails(java.lang.String)[pri:0, instance:test.TranscationFlowTest@75bd9247]" name="SelectItemViewProductDetails" duration-ms="47416" started-at="2016-01-12T19:39:59Z" depends-on-methods="test.TranscationFlowTest.SearchForItem" finished-at="2016-01-12T19:40:47Z">
          <params>
            <param index="0">
              <value>
                <![CDATA[95050]]>
              </value>
            </param>
          </params>
          <reporter-output>
          </reporter-output>
        </test-method> <!-- SelectItemViewProductDetails -->
        <test-method status="PASS" signature="AddItemToCart()[pri:0, instance:test.TranscationFlowTest@75bd9247]" name="AddItemToCart" duration-ms="776" started-at="2016-01-12T19:40:47Z" depends-on-methods="test.TranscationFlowTest.SelectItemViewProductDetails" finished-at="2016-01-12T19:40:47Z">
          <reporter-output>
          </reporter-output>
        </test-method> <!-- AddItemToCart -->
        <test-method status="PASS" signature="ValidateItemAddedToCart()[pri:0, instance:test.TranscationFlowTest@75bd9247]" name="ValidateItemAddedToCart" duration-ms="7609" started-at="2016-01-12T19:40:47Z" depends-on-methods="test.TranscationFlowTest.AddItemToCart" finished-at="2016-01-12T19:40:55Z">
          <reporter-output>
          </reporter-output>
        </test-method> <!-- ValidateItemAddedToCart -->
        <test-method status="PASS" signature="EmptyCart()[pri:0, instance:test.TranscationFlowTest@75bd9247]" name="EmptyCart" duration-ms="20326" started-at="2016-01-12T19:40:55Z" depends-on-methods="test.TranscationFlowTest.ValidateItemAddedToCart" finished-at="2016-01-12T19:41:15Z">
          <reporter-output>
          </reporter-output>
        </test-method> <!-- EmptyCart -->
        <test-method status="PASS" signature="WalmartUserLogout()[pri:0, instance:test.TranscationFlowTest@75bd9247]" name="WalmartUserLogout" duration-ms="3671" started-at="2016-01-12T19:41:15Z" depends-on-methods="test.TranscationFlowTest.EmptyCart" finished-at="2016-01-12T19:41:19Z">
          <reporter-output>
          </reporter-output>
        </test-method> <!-- WalmartUserLogout -->
        <test-method status="PASS" signature="afterTest()[pri:0, instance:test.TranscationFlowTest@75bd9247]" name="afterTest" is-config="true" duration-ms="1581" started-at="2016-01-12T19:41:19Z" finished-at="2016-01-12T19:41:21Z">
          <reporter-output>
          </reporter-output>
        </test-method> <!-- afterTest -->
      </class> <!-- test.TranscationFlowTest -->
    </test> <!-- TranscationFlowTest_1 -->
    <test name="TranscationFlowTest_2" duration-ms="115121" started-at="2016-01-13T03:41:21Z" finished-at="2016-01-13T03:43:16Z">
      <class name="test.TranscationFlowTest">
        <test-method status="PASS" signature="beforeTest()[pri:0, instance:test.TranscationFlowTest@1e643faf]" name="beforeTest" is-config="true" duration-ms="3212" started-at="2016-01-12T19:41:21Z" finished-at="2016-01-12T19:41:24Z">
          <reporter-output>
          </reporter-output>
        </test-method> <!-- beforeTest -->
        <test-method status="PASS" signature="WalmartUserLogin(java.lang.String, java.lang.String)[pri:0, instance:test.TranscationFlowTest@1e643faf]" name="WalmartUserLogin" duration-ms="11355" started-at="2016-01-12T19:41:24Z" data-provider="login" finished-at="2016-01-12T19:41:35Z">
          <params>
            <param index="0">
              <value>
                <![CDATA[priyanka.tayadeb@gmail.com]]>
              </value>
            </param>
            <param index="1">
              <value>
                <![CDATA[abcd123]]>
              </value>
            </param>
          </params>
          <reporter-output>
          </reporter-output>
        </test-method> <!-- WalmartUserLogin -->
        <test-method status="PASS" signature="EmptyCartIfNotEmpty()[pri:0, instance:test.TranscationFlowTest@1e643faf]" name="EmptyCartIfNotEmpty" duration-ms="32" started-at="2016-01-12T19:41:35Z" depends-on-methods="test.TranscationFlowTest.WalmartUserLogin" finished-at="2016-01-12T19:41:35Z">
          <reporter-output>
          </reporter-output>
        </test-method> <!-- EmptyCartIfNotEmpty -->
        <test-method status="PASS" signature="SearchForItem(java.lang.String)[pri:0, instance:test.TranscationFlowTest@1e643faf]" name="SearchForItem" duration-ms="14852" started-at="2016-01-12T19:41:35Z" depends-on-methods="test.TranscationFlowTest.EmptyCartIfNotEmpty" finished-at="2016-01-12T19:41:50Z">
          <params>
            <param index="0">
              <value>
                <![CDATA[dvd]]>
              </value>
            </param>
          </params>
          <reporter-output>
          </reporter-output>
        </test-method> <!-- SearchForItem -->
        <test-method status="PASS" signature="SelectItemViewProductDetails(java.lang.String)[pri:0, instance:test.TranscationFlowTest@1e643faf]" name="SelectItemViewProductDetails" duration-ms="44638" started-at="2016-01-12T19:41:50Z" depends-on-methods="test.TranscationFlowTest.SearchForItem" finished-at="2016-01-12T19:42:35Z">
          <params>
            <param index="0">
              <value>
                <![CDATA[95050]]>
              </value>
            </param>
          </params>
          <reporter-output>
          </reporter-output>
        </test-method> <!-- SelectItemViewProductDetails -->
        <test-method status="PASS" signature="AddItemToCart()[pri:0, instance:test.TranscationFlowTest@1e643faf]" name="AddItemToCart" duration-ms="10462" started-at="2016-01-12T19:42:35Z" depends-on-methods="test.TranscationFlowTest.SelectItemViewProductDetails" finished-at="2016-01-12T19:42:45Z">
          <reporter-output>
          </reporter-output>
        </test-method> <!-- AddItemToCart -->
        <test-method status="PASS" signature="ValidateItemAddedToCart()[pri:0, instance:test.TranscationFlowTest@1e643faf]" name="ValidateItemAddedToCart" duration-ms="6215" started-at="2016-01-12T19:42:45Z" depends-on-methods="test.TranscationFlowTest.AddItemToCart" finished-at="2016-01-12T19:42:51Z">
          <reporter-output>
          </reporter-output>
        </test-method> <!-- ValidateItemAddedToCart -->
        <test-method status="PASS" signature="EmptyCart()[pri:0, instance:test.TranscationFlowTest@1e643faf]" name="EmptyCart" duration-ms="20394" started-at="2016-01-12T19:42:51Z" depends-on-methods="test.TranscationFlowTest.ValidateItemAddedToCart" finished-at="2016-01-12T19:43:12Z">
          <reporter-output>
          </reporter-output>
        </test-method> <!-- EmptyCart -->
        <test-method status="PASS" signature="WalmartUserLogout()[pri:0, instance:test.TranscationFlowTest@1e643faf]" name="WalmartUserLogout" duration-ms="2678" started-at="2016-01-12T19:43:12Z" depends-on-methods="test.TranscationFlowTest.EmptyCart" finished-at="2016-01-12T19:43:15Z">
          <reporter-output>
          </reporter-output>
        </test-method> <!-- WalmartUserLogout -->
        <test-method status="PASS" signature="afterTest()[pri:0, instance:test.TranscationFlowTest@1e643faf]" name="afterTest" is-config="true" duration-ms="1262" started-at="2016-01-12T19:43:15Z" finished-at="2016-01-12T19:43:16Z">
          <reporter-output>
          </reporter-output>
        </test-method> <!-- afterTest -->
      </class> <!-- test.TranscationFlowTest -->
    </test> <!-- TranscationFlowTest_2 -->
    <test name="TranscationFlowTest_3" duration-ms="117593" started-at="2016-01-13T03:43:16Z" finished-at="2016-01-13T03:45:13Z">
      <class name="test.TranscationFlowTest">
        <test-method status="PASS" signature="beforeTest()[pri:0, instance:test.TranscationFlowTest@340f438e]" name="beforeTest" is-config="true" duration-ms="3107" started-at="2016-01-12T19:43:16Z" finished-at="2016-01-12T19:43:19Z">
          <reporter-output>
          </reporter-output>
        </test-method> <!-- beforeTest -->
        <test-method status="PASS" signature="WalmartUserLogin(java.lang.String, java.lang.String)[pri:0, instance:test.TranscationFlowTest@340f438e]" name="WalmartUserLogin" duration-ms="13487" started-at="2016-01-12T19:43:19Z" data-provider="login" finished-at="2016-01-12T19:43:32Z">
          <params>
            <param index="0">
              <value>
                <![CDATA[priyanka.tayadeb@gmail.com]]>
              </value>
            </param>
            <param index="1">
              <value>
                <![CDATA[abcd123]]>
              </value>
            </param>
          </params>
          <reporter-output>
          </reporter-output>
        </test-method> <!-- WalmartUserLogin -->
        <test-method status="PASS" signature="EmptyCartIfNotEmpty()[pri:0, instance:test.TranscationFlowTest@340f438e]" name="EmptyCartIfNotEmpty" duration-ms="54" started-at="2016-01-12T19:43:32Z" depends-on-methods="test.TranscationFlowTest.WalmartUserLogin" finished-at="2016-01-12T19:43:33Z">
          <reporter-output>
          </reporter-output>
        </test-method> <!-- EmptyCartIfNotEmpty -->
        <test-method status="PASS" signature="SearchForItem(java.lang.String)[pri:0, instance:test.TranscationFlowTest@340f438e]" name="SearchForItem" duration-ms="16121" started-at="2016-01-12T19:43:33Z" depends-on-methods="test.TranscationFlowTest.EmptyCartIfNotEmpty" finished-at="2016-01-12T19:43:49Z">
          <params>
            <param index="0">
              <value>
                <![CDATA[socks]]>
              </value>
            </param>
          </params>
          <reporter-output>
          </reporter-output>
        </test-method> <!-- SearchForItem -->
        <test-method status="PASS" signature="SelectItemViewProductDetails(java.lang.String)[pri:0, instance:test.TranscationFlowTest@340f438e]" name="SelectItemViewProductDetails" duration-ms="47807" started-at="2016-01-12T19:43:49Z" depends-on-methods="test.TranscationFlowTest.SearchForItem" finished-at="2016-01-12T19:44:36Z">
          <params>
            <param index="0">
              <value>
                <![CDATA[95050]]>
              </value>
            </param>
          </params>
          <reporter-output>
          </reporter-output>
        </test-method> <!-- SelectItemViewProductDetails -->
        <test-method status="PASS" signature="AddItemToCart()[pri:0, instance:test.TranscationFlowTest@340f438e]" name="AddItemToCart" duration-ms="2100" started-at="2016-01-12T19:44:36Z" depends-on-methods="test.TranscationFlowTest.SelectItemViewProductDetails" finished-at="2016-01-12T19:44:39Z">
          <reporter-output>
          </reporter-output>
        </test-method> <!-- AddItemToCart -->
        <test-method status="PASS" signature="ValidateItemAddedToCart()[pri:0, instance:test.TranscationFlowTest@340f438e]" name="ValidateItemAddedToCart" duration-ms="9104" started-at="2016-01-12T19:44:39Z" depends-on-methods="test.TranscationFlowTest.AddItemToCart" finished-at="2016-01-12T19:44:48Z">
          <reporter-output>
          </reporter-output>
        </test-method> <!-- ValidateItemAddedToCart -->
        <test-method status="PASS" signature="EmptyCart()[pri:0, instance:test.TranscationFlowTest@340f438e]" name="EmptyCart" duration-ms="20546" started-at="2016-01-12T19:44:48Z" depends-on-methods="test.TranscationFlowTest.ValidateItemAddedToCart" finished-at="2016-01-12T19:45:08Z">
          <reporter-output>
          </reporter-output>
        </test-method> <!-- EmptyCart -->
        <test-method status="PASS" signature="WalmartUserLogout()[pri:0, instance:test.TranscationFlowTest@340f438e]" name="WalmartUserLogout" duration-ms="3772" started-at="2016-01-12T19:45:08Z" depends-on-methods="test.TranscationFlowTest.EmptyCart" finished-at="2016-01-12T19:45:12Z">
          <reporter-output>
          </reporter-output>
        </test-method> <!-- WalmartUserLogout -->
        <test-method status="PASS" signature="afterTest()[pri:0, instance:test.TranscationFlowTest@340f438e]" name="afterTest" is-config="true" duration-ms="1474" started-at="2016-01-12T19:45:12Z" finished-at="2016-01-12T19:45:13Z">
          <reporter-output>
          </reporter-output>
        </test-method> <!-- afterTest -->
      </class> <!-- test.TranscationFlowTest -->
    </test> <!-- TranscationFlowTest_3 -->
    <test name="TranscationFlowTest_4" duration-ms="160309" started-at="2016-01-13T03:45:14Z" finished-at="2016-01-13T03:47:54Z">
      <class name="test.TranscationFlowTest">
        <test-method status="PASS" signature="beforeTest()[pri:0, instance:test.TranscationFlowTest@6fadae5d]" name="beforeTest" is-config="true" duration-ms="3283" started-at="2016-01-12T19:45:14Z" finished-at="2016-01-12T19:45:17Z">
          <reporter-output>
          </reporter-output>
        </test-method> <!-- beforeTest -->
        <test-method status="PASS" signature="WalmartUserLogin(java.lang.String, java.lang.String)[pri:0, instance:test.TranscationFlowTest@6fadae5d]" name="WalmartUserLogin" duration-ms="12177" started-at="2016-01-12T19:45:17Z" data-provider="login" finished-at="2016-01-12T19:45:29Z">
          <params>
            <param index="0">
              <value>
                <![CDATA[priyanka.tayadeb@gmail.com]]>
              </value>
            </param>
            <param index="1">
              <value>
                <![CDATA[abcd123]]>
              </value>
            </param>
          </params>
          <reporter-output>
          </reporter-output>
        </test-method> <!-- WalmartUserLogin -->
        <test-method status="PASS" signature="EmptyCartIfNotEmpty()[pri:0, instance:test.TranscationFlowTest@6fadae5d]" name="EmptyCartIfNotEmpty" duration-ms="23013" started-at="2016-01-12T19:45:29Z" depends-on-methods="test.TranscationFlowTest.WalmartUserLogin" finished-at="2016-01-12T19:45:52Z">
          <reporter-output>
          </reporter-output>
        </test-method> <!-- EmptyCartIfNotEmpty -->
        <test-method status="PASS" signature="SearchForItem(java.lang.String)[pri:0, instance:test.TranscationFlowTest@6fadae5d]" name="SearchForItem" duration-ms="49859" started-at="2016-01-12T19:45:52Z" depends-on-methods="test.TranscationFlowTest.EmptyCartIfNotEmpty" finished-at="2016-01-12T19:46:42Z">
          <params>
            <param index="0">
              <value>
                <![CDATA[toys]]>
              </value>
            </param>
          </params>
          <reporter-output>
          </reporter-output>
        </test-method> <!-- SearchForItem -->
        <test-method status="PASS" signature="SelectItemViewProductDetails(java.lang.String)[pri:0, instance:test.TranscationFlowTest@6fadae5d]" name="SelectItemViewProductDetails" duration-ms="38778" started-at="2016-01-12T19:46:42Z" depends-on-methods="test.TranscationFlowTest.SearchForItem" finished-at="2016-01-12T19:47:21Z">
          <params>
            <param index="0">
              <value>
                <![CDATA[95050]]>
              </value>
            </param>
          </params>
          <reporter-output>
          </reporter-output>
        </test-method> <!-- SelectItemViewProductDetails -->
        <test-method status="PASS" signature="AddItemToCart()[pri:0, instance:test.TranscationFlowTest@6fadae5d]" name="AddItemToCart" duration-ms="1210" started-at="2016-01-12T19:47:21Z" depends-on-methods="test.TranscationFlowTest.SelectItemViewProductDetails" finished-at="2016-01-12T19:47:22Z">
          <reporter-output>
          </reporter-output>
        </test-method> <!-- AddItemToCart -->
        <test-method status="PASS" signature="ValidateItemAddedToCart()[pri:0, instance:test.TranscationFlowTest@6fadae5d]" name="ValidateItemAddedToCart" duration-ms="7253" started-at="2016-01-12T19:47:22Z" depends-on-methods="test.TranscationFlowTest.AddItemToCart" finished-at="2016-01-12T19:47:29Z">
          <reporter-output>
          </reporter-output>
        </test-method> <!-- ValidateItemAddedToCart -->
        <test-method status="PASS" signature="EmptyCart()[pri:0, instance:test.TranscationFlowTest@6fadae5d]" name="EmptyCart" duration-ms="20327" started-at="2016-01-12T19:47:29Z" depends-on-methods="test.TranscationFlowTest.ValidateItemAddedToCart" finished-at="2016-01-12T19:47:49Z">
          <reporter-output>
          </reporter-output>
        </test-method> <!-- EmptyCart -->
        <test-method status="PASS" signature="WalmartUserLogout()[pri:0, instance:test.TranscationFlowTest@6fadae5d]" name="WalmartUserLogout" duration-ms="3157" started-at="2016-01-12T19:47:49Z" depends-on-methods="test.TranscationFlowTest.EmptyCart" finished-at="2016-01-12T19:47:53Z">
          <reporter-output>
          </reporter-output>
        </test-method> <!-- WalmartUserLogout -->
        <test-method status="PASS" signature="afterTest()[pri:0, instance:test.TranscationFlowTest@6fadae5d]" name="afterTest" is-config="true" duration-ms="1235" started-at="2016-01-12T19:47:53Z" finished-at="2016-01-12T19:47:54Z">
          <reporter-output>
          </reporter-output>
        </test-method> <!-- afterTest -->
      </class> <!-- test.TranscationFlowTest -->
    </test> <!-- TranscationFlowTest_4 -->
    <test name="TranscationFlowTest_5" duration-ms="142724" started-at="2016-01-13T03:47:54Z" finished-at="2016-01-13T03:50:17Z">
      <class name="test.TranscationFlowTest">
        <test-method status="PASS" signature="beforeTest()[pri:0, instance:test.TranscationFlowTest@60f82f98]" name="beforeTest" is-config="true" duration-ms="3151" started-at="2016-01-12T19:47:54Z" finished-at="2016-01-12T19:47:57Z">
          <reporter-output>
          </reporter-output>
        </test-method> <!-- beforeTest -->
        <test-method status="PASS" signature="WalmartUserLogin(java.lang.String, java.lang.String)[pri:0, instance:test.TranscationFlowTest@60f82f98]" name="WalmartUserLogin" duration-ms="12115" started-at="2016-01-12T19:47:57Z" data-provider="login" finished-at="2016-01-12T19:48:09Z">
          <params>
            <param index="0">
              <value>
                <![CDATA[priyanka.tayadeb@gmail.com]]>
              </value>
            </param>
            <param index="1">
              <value>
                <![CDATA[abcd123]]>
              </value>
            </param>
          </params>
          <reporter-output>
          </reporter-output>
        </test-method> <!-- WalmartUserLogin -->
        <test-method status="PASS" signature="EmptyCartIfNotEmpty()[pri:0, instance:test.TranscationFlowTest@60f82f98]" name="EmptyCartIfNotEmpty" duration-ms="68" started-at="2016-01-12T19:48:09Z" depends-on-methods="test.TranscationFlowTest.WalmartUserLogin" finished-at="2016-01-12T19:48:09Z">
          <reporter-output>
          </reporter-output>
        </test-method> <!-- EmptyCartIfNotEmpty -->
        <test-method status="PASS" signature="SearchForItem(java.lang.String)[pri:0, instance:test.TranscationFlowTest@60f82f98]" name="SearchForItem" duration-ms="15153" started-at="2016-01-12T19:48:09Z" depends-on-methods="test.TranscationFlowTest.EmptyCartIfNotEmpty" finished-at="2016-01-12T19:48:24Z">
          <params>
            <param index="0">
              <value>
                <![CDATA[iphone]]>
              </value>
            </param>
          </params>
          <reporter-output>
          </reporter-output>
        </test-method> <!-- SearchForItem -->
        <test-method status="PASS" signature="SelectItemViewProductDetails(java.lang.String)[pri:0, instance:test.TranscationFlowTest@60f82f98]" name="SelectItemViewProductDetails" duration-ms="19895" started-at="2016-01-12T19:48:24Z" depends-on-methods="test.TranscationFlowTest.SearchForItem" finished-at="2016-01-12T19:48:44Z">
          <params>
            <param index="0">
              <value>
                <![CDATA[95050]]>
              </value>
            </param>
          </params>
          <reporter-output>
          </reporter-output>
        </test-method> <!-- SelectItemViewProductDetails -->
        <test-method status="PASS" signature="AddItemToCart()[pri:0, instance:test.TranscationFlowTest@60f82f98]" name="AddItemToCart" duration-ms="1074" started-at="2016-01-12T19:48:44Z" depends-on-methods="test.TranscationFlowTest.SelectItemViewProductDetails" finished-at="2016-01-12T19:48:45Z">
          <reporter-output>
          </reporter-output>
        </test-method> <!-- AddItemToCart -->
        <test-method status="PASS" signature="ValidateItemAddedToCart()[pri:0, instance:test.TranscationFlowTest@60f82f98]" name="ValidateItemAddedToCart" duration-ms="66087" started-at="2016-01-12T19:48:45Z" depends-on-methods="test.TranscationFlowTest.AddItemToCart" finished-at="2016-01-12T19:49:51Z">
          <reporter-output>
          </reporter-output>
        </test-method> <!-- ValidateItemAddedToCart -->
        <test-method status="PASS" signature="EmptyCart()[pri:0, instance:test.TranscationFlowTest@60f82f98]" name="EmptyCart" duration-ms="20390" started-at="2016-01-12T19:49:51Z" depends-on-methods="test.TranscationFlowTest.ValidateItemAddedToCart" finished-at="2016-01-12T19:50:12Z">
          <reporter-output>
          </reporter-output>
        </test-method> <!-- EmptyCart -->
        <test-method status="PASS" signature="WalmartUserLogout()[pri:0, instance:test.TranscationFlowTest@60f82f98]" name="WalmartUserLogout" duration-ms="3315" started-at="2016-01-12T19:50:12Z" depends-on-methods="test.TranscationFlowTest.EmptyCart" finished-at="2016-01-12T19:50:15Z">
          <reporter-output>
          </reporter-output>
        </test-method> <!-- WalmartUserLogout -->
        <test-method status="PASS" signature="afterTest()[pri:0, instance:test.TranscationFlowTest@60f82f98]" name="afterTest" is-config="true" duration-ms="1460" started-at="2016-01-12T19:50:15Z" finished-at="2016-01-12T19:50:17Z">
          <reporter-output>
          </reporter-output>
        </test-method> <!-- afterTest -->
      </class> <!-- test.TranscationFlowTest -->
    </test> <!-- TranscationFlowTest_5 -->
  </suite> <!-- Suite -->
</testng-results>
